<?xml version="1.0" encoding="UTF-8"?>
<testng-results skipped="0" failed="1" ignored="0" total="4" passed="3">
  <reporter-output>
  </reporter-output>
  <suite name="Suite" duration-ms="57036" started-at="2022-01-05T15:43:21 MST" finished-at="2022-01-05T15:44:18 MST">
    <groups>
    </groups>
    <test name="Valifating Homepage Test" duration-ms="28882" started-at="2022-01-05T15:43:21 MST" finished-at="2022-01-05T15:43:50 MST">
      <class name="Academy.HomePageTest">
        <test-method status="PASS" signature="initialize()[pri:0, instance:Academy.HomePageTest@13d73f29]" name="initialize" is-config="true" duration-ms="3058" started-at="2022-01-05T15:43:21 MST" finished-at="2022-01-05T15:43:24 MST">
          <reporter-output>
          </reporter-output>
        </test-method> <!-- initialize -->
        <test-method status="PASS" signature="homePageNavigation(java.lang.String,java.lang.String)[pri:0, instance:Academy.HomePageTest@13d73f29]" name="homePageNavigation" duration-ms="16943" started-at="2022-01-05T15:43:24 MST" data-provider="getLoginData" finished-at="2022-01-05T15:43:41 MST">
          <params>
            <param index="0">
              <value>
                <![CDATA[test1]]>
              </value>
            </param>
            <param index="1">
              <value>
                <![CDATA[Password1]]>
              </value>
            </param>
          </params>
          <reporter-output>
          </reporter-output>
        </test-method> <!-- homePageNavigation -->
        <test-method status="PASS" signature="homePageNavigation(java.lang.String,java.lang.String)[pri:0, instance:Academy.HomePageTest@13d73f29]" name="homePageNavigation" duration-ms="4680" started-at="2022-01-05T15:43:41 MST" data-provider="getLoginData" finished-at="2022-01-05T15:43:46 MST">
          <params>
            <param index="0">
              <value>
                <![CDATA[test2]]>
              </value>
            </param>
            <param index="1">
              <value>
                <![CDATA[Password2]]>
              </value>
            </param>
          </params>
          <reporter-output>
          </reporter-output>
        </test-method> <!-- homePageNavigation -->
        <test-method status="PASS" signature="teardown()[pri:0, instance:Academy.HomePageTest@13d73f29]" name="teardown" is-config="true" duration-ms="4150" started-at="2022-01-05T15:43:46 MST" finished-at="2022-01-05T15:43:50 MST">
          <reporter-output>
          </reporter-output>
        </test-method> <!-- teardown -->
      </class> <!-- Academy.HomePageTest -->
    </test> <!-- Valifating Homepage Test -->
    <test name="Failed Test" duration-ms="13995" started-at="2022-01-05T15:43:51 MST" finished-at="2022-01-05T15:44:04 MST">
      <class name="Academy.FailedTest">
        <test-method status="PASS" signature="initialize()[pri:0, instance:Academy.FailedTest@28194a50]" name="initialize" is-config="true" duration-ms="1183" started-at="2022-01-05T15:43:51 MST" finished-at="2022-01-05T15:43:52 MST">
          <reporter-output>
          </reporter-output>
        </test-method> <!-- initialize -->
        <test-method status="FAIL" signature="FailedTestCase()[pri:0, instance:Academy.FailedTest@28194a50]" name="FailedTestCase" duration-ms="12579" started-at="2022-01-05T15:43:52 MST" finished-at="2022-01-05T15:44:04 MST">
          <exception class="java.lang.AssertionError">
            <message>
              <![CDATA[expected [Incorrect Title] but found [An Academy to Learn Earn & Shine  in your QA Career]]]>
            </message>
            <full-stacktrace>
              <![CDATA[java.lang.AssertionError: expected [Incorrect Title] but found [An Academy to Learn Earn & Shine  in your QA Career]
at org.testng.Assert.fail(Assert.java:99)
at org.testng.Assert.failNotEquals(Assert.java:1037)
at org.testng.Assert.assertEqualsImpl(Assert.java:140)
at org.testng.Assert.assertEquals(Assert.java:122)
at org.testng.Assert.assertEquals(Assert.java:629)
at org.testng.Assert.assertEquals(Assert.java:639)
at Academy.FailedTest.FailedTestCase(FailedTest.java:34)
at sun.reflect.NativeMethodAccessorImpl.invoke0(Native Method)
at sun.reflect.NativeMethodAccessorImpl.invoke(NativeMethodAccessorImpl.java:62)
at sun.reflect.DelegatingMethodAccessorImpl.invoke(DelegatingMethodAccessorImpl.java:43)
at java.lang.reflect.Method.invoke(Method.java:498)
at org.testng.internal.MethodInvocationHelper.invokeMethod(MethodInvocationHelper.java:133)
at org.testng.internal.TestInvoker.invokeMethod(TestInvoker.java:598)
at org.testng.internal.TestInvoker.invokeTestMethod(TestInvoker.java:173)
at org.testng.internal.MethodRunner.runInSequence(MethodRunner.java:46)
at org.testng.internal.TestInvoker$MethodInvocationAgent.invoke(TestInvoker.java:824)
at org.testng.internal.TestInvoker.invokeTestMethods(TestInvoker.java:146)
at org.testng.internal.TestMethodWorker.invokeTestMethods(TestMethodWorker.java:146)
at org.testng.internal.TestMethodWorker.run(TestMethodWorker.java:128)
at java.util.ArrayList.forEach(ArrayList.java:1257)
at org.testng.TestRunner.privateRun(TestRunner.java:794)
at org.testng.TestRunner.run(TestRunner.java:596)
at org.testng.SuiteRunner.runTest(SuiteRunner.java:377)
at org.testng.SuiteRunner.runSequentially(SuiteRunner.java:371)
at org.testng.SuiteRunner.privateRun(SuiteRunner.java:332)
at org.testng.SuiteRunner.run(SuiteRunner.java:276)
at org.testng.SuiteRunnerWorker.runSuite(SuiteRunnerWorker.java:53)
at org.testng.SuiteRunnerWorker.run(SuiteRunnerWorker.java:96)
at org.testng.TestNG.runSuitesSequentially(TestNG.java:1212)
at org.testng.TestNG.runSuitesLocally(TestNG.java:1134)
at org.testng.TestNG.runSuites(TestNG.java:1063)
at org.testng.TestNG.run(TestNG.java:1031)
at org.apache.maven.surefire.testng.TestNGExecutor.run(TestNGExecutor.java:284)
at org.apache.maven.surefire.testng.TestNGXmlTestSuite.execute(TestNGXmlTestSuite.java:75)
at org.apache.maven.surefire.testng.TestNGProvider.invoke(TestNGProvider.java:119)
at org.apache.maven.surefire.booter.ForkedBooter.runSuitesInProcess(ForkedBooter.java:428)
at org.apache.maven.surefire.booter.ForkedBooter.execute(ForkedBooter.java:162)
at org.apache.maven.surefire.booter.ForkedBooter.run(ForkedBooter.java:562)
at org.apache.maven.surefire.booter.ForkedBooter.main(ForkedBooter.java:548)
]]>
            </full-stacktrace>
          </exception> <!-- java.lang.AssertionError -->
          <reporter-output>
          </reporter-output>
        </test-method> <!-- FailedTestCase -->
        <test-method status="PASS" signature="teardown()[pri:0, instance:Academy.FailedTest@28194a50]" name="teardown" is-config="true" duration-ms="52" started-at="2022-01-05T15:44:04 MST" finished-at="2022-01-05T15:44:04 MST">
          <reporter-output>
          </reporter-output>
        </test-method> <!-- teardown -->
      </class> <!-- Academy.FailedTest -->
    </test> <!-- Failed Test -->
    <test name="Validating Landing page Test" duration-ms="13845" started-at="2022-01-05T15:44:05 MST" finished-at="2022-01-05T15:44:18 MST">
      <class name="Academy.LandingPageTest">
        <test-method status="PASS" signature="initialize()[pri:0, instance:Academy.LandingPageTest@2ad48653]" name="initialize" is-config="true" duration-ms="1135" started-at="2022-01-05T15:44:05 MST" finished-at="2022-01-05T15:44:06 MST">
          <reporter-output>
          </reporter-output>
        </test-method> <!-- initialize -->
        <test-method status="PASS" signature="homePageNavigation()[pri:0, instance:Academy.LandingPageTest@2ad48653]" name="homePageNavigation" duration-ms="12660" started-at="2022-01-05T15:44:06 MST" finished-at="2022-01-05T15:44:18 MST">
          <reporter-output>
          </reporter-output>
        </test-method> <!-- homePageNavigation -->
        <test-method status="PASS" signature="teardown()[pri:0, instance:Academy.LandingPageTest@2ad48653]" name="teardown" is-config="true" duration-ms="50" started-at="2022-01-05T15:44:18 MST" finished-at="2022-01-05T15:44:18 MST">
          <reporter-output>
          </reporter-output>
        </test-method> <!-- teardown -->
      </class> <!-- Academy.LandingPageTest -->
    </test> <!-- Validating Landing page Test -->
  </suite> <!-- Suite -->
</testng-results>
