<?xml version="1.0" encoding="UTF-8"?>
<testng-results skipped="0" failed="1" ignored="0" total="4" passed="3">
  <reporter-output>
  </reporter-output>
  <suite name="Suite" duration-ms="62266" started-at="2022-01-05T13:27:28 MST" finished-at="2022-01-05T13:28:30 MST">
    <groups>
    </groups>
    <test name="Valifating Homepage Test" duration-ms="31716" started-at="2022-01-05T13:27:28 MST" finished-at="2022-01-05T13:27:59 MST">
      <class name="Academy.HomePageTest">
        <test-method status="PASS" signature="initialize()[pri:0, instance:Academy.HomePageTest@4dfe56dc]" name="initialize" is-config="true" duration-ms="3127" started-at="2022-01-05T13:27:28 MST" finished-at="2022-01-05T13:27:31 MST">
          <reporter-output>
          </reporter-output>
        </test-method> <!-- initialize -->
        <test-method status="PASS" signature="homePageNavigation(java.lang.String,java.lang.String)[pri:0, instance:Academy.HomePageTest@4dfe56dc]" name="homePageNavigation" duration-ms="20116" started-at="2022-01-05T13:27:31 MST" data-provider="getLoginData" finished-at="2022-01-05T13:27:51 MST">
          <params>
            <param index="0">
              <value>
                <![CDATA[test1]]>
              </value>
            </param>
            <param index="1">
              <value>
                <![CDATA[Password1]]>
              </value>
            </param>
          </params>
          <reporter-output>
          </reporter-output>
        </test-method> <!-- homePageNavigation -->
        <test-method status="PASS" signature="homePageNavigation(java.lang.String,java.lang.String)[pri:0, instance:Academy.HomePageTest@4dfe56dc]" name="homePageNavigation" duration-ms="4252" started-at="2022-01-05T13:27:51 MST" data-provider="getLoginData" finished-at="2022-01-05T13:27:55 MST">
          <params>
            <param index="0">
              <value>
                <![CDATA[test2]]>
              </value>
            </param>
            <param index="1">
              <value>
                <![CDATA[Password2]]>
              </value>
            </param>
          </params>
          <reporter-output>
          </reporter-output>
        </test-method> <!-- homePageNavigation -->
        <test-method status="PASS" signature="teardown()[pri:0, instance:Academy.HomePageTest@4dfe56dc]" name="teardown" is-config="true" duration-ms="4178" started-at="2022-01-05T13:27:55 MST" finished-at="2022-01-05T13:27:59 MST">
          <reporter-output>
          </reporter-output>
        </test-method> <!-- teardown -->
      </class> <!-- Academy.HomePageTest -->
    </test> <!-- Valifating Homepage Test -->
    <test name="Failed Test" duration-ms="15149" started-at="2022-01-05T13:28:00 MST" finished-at="2022-01-05T13:28:15 MST">
      <class name="Academy.FailedTest">
        <test-method status="PASS" signature="initialize()[pri:0, instance:Academy.FailedTest@5dfd4fac]" name="initialize" is-config="true" duration-ms="1137" started-at="2022-01-05T13:28:00 MST" finished-at="2022-01-05T13:28:01 MST">
          <reporter-output>
          </reporter-output>
        </test-method> <!-- initialize -->
        <test-method status="FAIL" signature="FailedTestCase()[pri:0, instance:Academy.FailedTest@5dfd4fac]" name="FailedTestCase" duration-ms="13702" started-at="2022-01-05T13:28:01 MST" finished-at="2022-01-05T13:28:15 MST">
          <exception class="java.lang.AssertionError">
            <message>
              <![CDATA[expected [Incorrect Title] but found [An Academy to Learn Earn & Shine  in your QA Career]]]>
            </message>
            <full-stacktrace>
              <![CDATA[java.lang.AssertionError: expected [Incorrect Title] but found [An Academy to Learn Earn & Shine  in your QA Career]
at org.testng.Assert.fail(Assert.java:99)
at org.testng.Assert.failNotEquals(Assert.java:1037)
at org.testng.Assert.assertEqualsImpl(Assert.java:140)
at org.testng.Assert.assertEquals(Assert.java:122)
at org.testng.Assert.assertEquals(Assert.java:629)
at org.testng.Assert.assertEquals(Assert.java:639)
at Academy.FailedTest.FailedTestCase(FailedTest.java:34)
at sun.reflect.NativeMethodAccessorImpl.invoke0(Native Method)
at sun.reflect.NativeMethodAccessorImpl.invoke(Unknown Source)
at sun.reflect.DelegatingMethodAccessorImpl.invoke(Unknown Source)
at java.lang.reflect.Method.invoke(Unknown Source)
at org.testng.internal.MethodInvocationHelper.invokeMethod(MethodInvocationHelper.java:133)
at org.testng.internal.TestInvoker.invokeMethod(TestInvoker.java:598)
at org.testng.internal.TestInvoker.invokeTestMethod(TestInvoker.java:173)
at org.testng.internal.MethodRunner.runInSequence(MethodRunner.java:46)
at org.testng.internal.TestInvoker$MethodInvocationAgent.invoke(TestInvoker.java:824)
at org.testng.internal.TestInvoker.invokeTestMethods(TestInvoker.java:146)
at org.testng.internal.TestMethodWorker.invokeTestMethods(TestMethodWorker.java:146)
at org.testng.internal.TestMethodWorker.run(TestMethodWorker.java:128)
at java.util.ArrayList.forEach(Unknown Source)
at org.testng.TestRunner.privateRun(TestRunner.java:794)
at org.testng.TestRunner.run(TestRunner.java:596)
at org.testng.SuiteRunner.runTest(SuiteRunner.java:377)
at org.testng.SuiteRunner.runSequentially(SuiteRunner.java:371)
at org.testng.SuiteRunner.privateRun(SuiteRunner.java:332)
at org.testng.SuiteRunner.run(SuiteRunner.java:276)
at org.testng.SuiteRunnerWorker.runSuite(SuiteRunnerWorker.java:53)
at org.testng.SuiteRunnerWorker.run(SuiteRunnerWorker.java:96)
at org.testng.TestNG.runSuitesSequentially(TestNG.java:1212)
at org.testng.TestNG.runSuitesLocally(TestNG.java:1134)
at org.testng.TestNG.runSuites(TestNG.java:1063)
at org.testng.TestNG.run(TestNG.java:1031)
at org.testng.remote.AbstractRemoteTestNG.run(AbstractRemoteTestNG.java:115)
at org.testng.remote.RemoteTestNG.initAndRun(RemoteTestNG.java:251)
at org.testng.remote.RemoteTestNG.main(RemoteTestNG.java:77)
]]>
            </full-stacktrace>
          </exception> <!-- java.lang.AssertionError -->
          <reporter-output>
          </reporter-output>
        </test-method> <!-- FailedTestCase -->
        <test-method status="PASS" signature="teardown()[pri:0, instance:Academy.FailedTest@5dfd4fac]" name="teardown" is-config="true" duration-ms="73" started-at="2022-01-05T13:28:15 MST" finished-at="2022-01-05T13:28:15 MST">
          <reporter-output>
          </reporter-output>
        </test-method> <!-- teardown -->
      </class> <!-- Academy.FailedTest -->
    </test> <!-- Failed Test -->
    <test name="Validating Landing page Test" duration-ms="15032" started-at="2022-01-05T13:28:15 MST" finished-at="2022-01-05T13:28:30 MST">
      <class name="Academy.LandingPageTest">
        <test-method status="PASS" signature="initialize()[pri:0, instance:Academy.LandingPageTest@70736b19]" name="initialize" is-config="true" duration-ms="1182" started-at="2022-01-05T13:28:15 MST" finished-at="2022-01-05T13:28:16 MST">
          <reporter-output>
          </reporter-output>
        </test-method> <!-- initialize -->
        <test-method status="PASS" signature="homePageNavigation()[pri:0, instance:Academy.LandingPageTest@70736b19]" name="homePageNavigation" duration-ms="13802" started-at="2022-01-05T13:28:16 MST" finished-at="2022-01-05T13:28:30 MST">
          <reporter-output>
          </reporter-output>
        </test-method> <!-- homePageNavigation -->
        <test-method status="PASS" signature="teardown()[pri:0, instance:Academy.LandingPageTest@70736b19]" name="teardown" is-config="true" duration-ms="45" started-at="2022-01-05T13:28:30 MST" finished-at="2022-01-05T13:28:30 MST">
          <reporter-output>
          </reporter-output>
        </test-method> <!-- teardown -->
      </class> <!-- Academy.LandingPageTest -->
    </test> <!-- Validating Landing page Test -->
  </suite> <!-- Suite -->
</testng-results>
